# JRE version: Java(TM) SE Runtime Environment (23.0.1+11) (build 23.0.1+11-39)
# Java VM: Java HotSpot(TM) 64-Bit Server VM (23.0.1+11-39, mixed mode, sharing, tiered, compressed oops, compressed class ptrs, g1 gc, windows-amd64)
GC Precious Log:
 CardTable entry size: 512
 Card Set container configuration: InlinePtr #cards 3 size 8 Array Of Cards #cards 128 size 272 Howl #buckets 8 coarsen threshold 29491 Howl Bitmap #cards 4096 size 528 coarsen threshold 3686 Card regions per heap region 1 cards per card region 32768
 CPUs: 20 total, 20 available
 Memory: 191G
 Large Page Support: Disabled
 NUMA Support: Disabled
 Compressed Oops: Enabled (Zero based)
 Heap Region Size: 16M
 Heap Min Capacity: 16M
 Heap Initial Capacity: 2G
 Heap Max Capacity: 30208M
 Pre-touch: Disabled
 Parallel Workers: 15
 Concurrent Workers: 4
 Concurrent Refinement Workers: 15
 Periodic GC: Disabled
Heap:
 garbage-first heap   total reserved 30932992K, committed 98304K, used 33654K [0x00000000a0000000, 0x0000000800000000)
  region size 16384K, 2 young (32768K), 1 survivors (16384K)
 Metaspace       used 49020K, committed 49728K, reserved 1114112K
  class space    used 6318K, committed 6656K, reserved 1048576K
GC Heap History (20 events):
Event: 342759.070 GC heap before
{Heap before GC invocations=24 (full 0):
 garbage-first heap   total reserved 30932992K, committed 98304K, used 66045K [0x00000000a0000000, 0x0000000800000000)
  region size 16384K, 3 young (49152K), 1 survivors (16384K)
 Metaspace       used 49012K, committed 49728K, reserved 1114112K
  class space    used 6318K, committed 6656K, reserved 1048576K
}
Event: 342759.078 GC heap after
{Heap after GC invocations=25 (full 0):
 garbage-first heap   total reserved 30932992K, committed 98304K, used 33249K [0x00000000a0000000, 0x0000000800000000)
  region size 16384K, 1 young (16384K), 1 survivors (16384K)
 Metaspace       used 49012K, committed 49728K, reserved 1114112K
  class space    used 6318K, committed 6656K, reserved 1048576K
}
Event: 376864.863 GC heap before
{Heap before GC invocations=25 (full 0):
 garbage-first heap   total reserved 30932992K, committed 98304K, used 66017K [0x00000000a0000000, 0x0000000800000000)
  region size 16384K, 3 young (49152K), 1 survivors (16384K)
 Metaspace       used 49012K, committed 49728K, reserved 1114112K
  class space    used 6318K, committed 6656K, reserved 1048576K
}
Event: 376864.874 GC heap after
{Heap after GC invocations=26 (full 0):
 garbage-first heap   total reserved 30932992K, committed 98304K, used 32910K [0x00000000a0000000, 0x0000000800000000)
  region size 16384K, 1 young (16384K), 1 survivors (16384K)
 Metaspace       used 49012K, committed 49728K, reserved 1114112K
  class space    used 6318K, committed 6656K, reserved 1048576K
}
Event: 410911.760 GC heap before
{Heap before GC invocations=26 (full 0):
 garbage-first heap   total reserved 30932992K, committed 98304K, used 65678K [0x00000000a0000000, 0x0000000800000000)
  region size 16384K, 3 young (49152K), 1 survivors (16384K)
 Metaspace       used 49012K, committed 49728K, reserved 1114112K
  class space    used 6318K, committed 6656K, reserved 1048576K
}
Event: 410911.764 GC heap after
{Heap after GC invocations=27 (full 0):
 garbage-first heap   total reserved 30932992K, committed 98304K, used 33087K [0x00000000a0000000, 0x0000000800000000)
  region size 16384K, 1 young (16384K), 1 survivors (16384K)
 Metaspace       used 49012K, committed 49728K, reserved 1114112K
  class space    used 6318K, committed 6656K, reserved 1048576K
}
Event: 445137.559 GC heap before
{Heap before GC invocations=27 (full 0):
 garbage-first heap   total reserved 30932992K, committed 98304K, used 65855K [0x00000000a0000000, 0x0000000800000000)
  region size 16384K, 3 young (49152K), 1 survivors (16384K)
 Metaspace       used 49012K, committed 49728K, reserved 1114112K
  class space    used 6318K, committed 6656K, reserved 1048576K
}
Event: 445137.564 GC heap after
{Heap after GC invocations=28 (full 0):
 garbage-first heap   total reserved 30932992K, committed 98304K, used 32912K [0x00000000a0000000, 0x0000000800000000)
  region size 16384K, 1 young (16384K), 1 survivors (16384K)
 Metaspace       used 49012K, committed 49728K, reserved 1114112K
  class space    used 6318K, committed 6656K, reserved 1048576K
}
Event: 479394.297 GC heap before
{Heap before GC invocations=28 (full 0):
 garbage-first heap   total reserved 30932992K, committed 98304K, used 65680K [0x00000000a0000000, 0x0000000800000000)
  region size 16384K, 3 young (49152K), 1 survivors (16384K)
 Metaspace       used 49012K, committed 49728K, reserved 1114112K
  class space    used 6318K, committed 6656K, reserved 1048576K
}
Event: 479394.303 GC heap after
{Heap after GC invocations=29 (full 0):
 garbage-first heap   total reserved 30932992K, committed 98304K, used 33109K [0x00000000a0000000, 0x0000000800000000)
  region size 16384K, 1 young (16384K), 1 survivors (16384K)
 Metaspace       used 49012K, committed 49728K, reserved 1114112K
  class space    used 6318K, committed 6656K, reserved 1048576K
}
Event: 513622.558 GC heap before
{Heap before GC invocations=29 (full 0):
 garbage-first heap   total reserved 30932992K, committed 98304K, used 65877K [0x00000000a0000000, 0x0000000800000000)
  region size 16384K, 3 young (49152K), 1 survivors (16384K)
 Metaspace       used 49012K, committed 49728K, reserved 1114112K
  class space    used 6318K, committed 6656K, reserved 1048576K
}
Event: 513622.563 GC heap after
{Heap after GC invocations=30 (full 0):
 garbage-first heap   total reserved 30932992K, committed 98304K, used 33121K [0x00000000a0000000, 0x0000000800000000)
  region size 16384K, 1 young (16384K), 1 survivors (16384K)
 Metaspace       used 49012K, committed 49728K, reserved 1114112K
  class space    used 6318K, committed 6656K, reserved 1048576K
}
Event: 547985.499 GC heap before
{Heap before GC invocations=30 (full 0):
 garbage-first heap   total reserved 30932992K, committed 98304K, used 65889K [0x00000000a0000000, 0x0000000800000000)
  region size 16384K, 3 young (49152K), 1 survivors (16384K)
 Metaspace       used 49012K, committed 49728K, reserved 1114112K
  class space    used 6318K, committed 6656K, reserved 1048576K
}
Event: 547985.515 GC heap after
{Heap after GC invocations=31 (full 0):
 garbage-first heap   total reserved 30932992K, committed 98304K, used 33148K [0x00000000a0000000, 0x0000000800000000)
  region size 16384K, 1 young (16384K), 1 survivors (16384K)
 Metaspace       used 49012K, committed 49728K, reserved 1114112K
  class space    used 6318K, committed 6656K, reserved 1048576K
}
Event: 582337.338 GC heap before
{Heap before GC invocations=31 (full 0):
 garbage-first heap   total reserved 30932992K, committed 98304K, used 65916K [0x00000000a0000000, 0x0000000800000000)
  region size 16384K, 3 young (49152K), 1 survivors (16384K)
 Metaspace       used 49012K, committed 49728K, reserved 1114112K
  class space    used 6318K, committed 6656K, reserved 1048576K
}
Event: 582337.344 GC heap after
{Heap after GC invocations=32 (full 0):
 garbage-first heap   total reserved 30932992K, committed 98304K, used 33161K [0x00000000a0000000, 0x0000000800000000)
  region size 16384K, 1 young (16384K), 1 survivors (16384K)
 Metaspace       used 49012K, committed 49728K, reserved 1114112K
  class space    used 6318K, committed 6656K, reserved 1048576K
}
Event: 616607.551 GC heap before
{Heap before GC invocations=32 (full 0):
 garbage-first heap   total reserved 30932992K, committed 98304K, used 65929K [0x00000000a0000000, 0x0000000800000000)
  region size 16384K, 3 young (49152K), 1 survivors (16384K)
 Metaspace       used 49020K, committed 49728K, reserved 1114112K
  class space    used 6318K, committed 6656K, reserved 1048576K
}
Event: 616607.556 GC heap after
{Heap after GC invocations=33 (full 0):
 garbage-first heap   total reserved 30932992K, committed 98304K, used 33160K [0x00000000a0000000, 0x0000000800000000)
  region size 16384K, 1 young (16384K), 1 survivors (16384K)
 Metaspace       used 49020K, committed 49728K, reserved 1114112K
  class space    used 6318K, committed 6656K, reserved 1048576K
}
Event: 650881.823 GC heap before
{Heap before GC invocations=33 (full 0):
 garbage-first heap   total reserved 30932992K, committed 98304K, used 65928K [0x00000000a0000000, 0x0000000800000000)
  region size 16384K, 3 young (49152K), 1 survivors (16384K)
 Metaspace       used 49020K, committed 49728K, reserved 1114112K
  class space    used 6318K, committed 6656K, reserved 1048576K
}
Event: 650881.962 GC heap after
{Heap after GC invocations=34 (full 0):
 garbage-first heap   total reserved 30932992K, committed 98304K, used 33654K [0x00000000a0000000, 0x0000000800000000)
  region size 16384K, 1 young (16384K), 1 survivors (16384K)
 Metaspace       used 49020K, committed 49728K, reserved 1114112K
  class space    used 6318K, committed 6656K, reserved 1048576K
}

